2024-06-13T14:30:30  perf: speed. I am speed.
2024-06-19T09:47:37  refactor(cache): reduce false positives on edge cases
2024-07-14T16:04:44  ci(report): clarify the README quickstart
2024-08-09T11:21:51  fix(scan): stream large files without buffering
2024-08-16T18:38:58  fix(scan): add a fast path for the common case
2024-09-10T13:55:05  perf(rules): add usage examples to help
2024-10-05T08:12:12  ci(ci): handle empty and malformed input
2024-10-12T15:29:19  ci(ci): stream large files without buffering
2024-11-07T10:46:26  chore(cache): document the config keys
2024-11-13T17:03:33  perf: speed. I am speed.
2024-12-09T12:20:40  perf(output): handle empty and malformed input
2025-01-03T19:37:47  chore: NULLBYTE nightly sweep
2025-01-10T14:54:54  chore(parser): improve the demo scenario
2025-02-04T09:11:01  test(deps): cover the multiline case
2025-03-01T16:28:08  test(deps): assert exit codes in tests
2025-03-09T11:45:15  build(fixtures): make timestamps timezone-aware
2025-04-03T18:02:22  docs(output): add a regression fixture
2025-04-10T13:19:29  docs(output): cover the multiline case
2025-05-05T08:36:36  test(detect): add a --format json alias
2025-05-30T15:53:43  feat(parser): tune severity weights
2025-06-07T10:10:50  feat(engine): add a regression fixture
2025-07-02T17:27:57  docs(docs): lower memory on big inputs
2025-07-26T12:44:04  test: add edge case
2025-08-03T19:01:11  style(core): tune severity weights
2025-08-28T14:18:18  docs: standing on the shoulders of giants (garak, sigma, trufflehog)
2025-09-05T09:35:25  refactor(format): add a --quiet mode
2025-09-29T16:52:32  style(engine): bump the dev toolchain
